<?xml version="1.0" encoding="UTF-8"?>
<testsuite xmlns:xsi="http://www.w3.org/2001/XMLSchema-instance" xsi:noNamespaceSchemaLocation="https://maven.apache.org/surefire/maven-surefire-plugin/xsd/surefire-test-report-3.0.xsd" version="3.0" name="tqs.lab5.CucumberTest" time="0.153" tests="4" errors="0" skipped="0" failures="0">
  <properties>
    <property name="java.specification.version" value="17"/>
    <property name="sun.jnu.encoding" value="UTF-8"/>
    <property name="java.class.path" value="/home/vitorsantos/Documents/GitHub/TQS_107186/lab5/lab5_2/target/test-classes:/home/vitorsantos/Documents/GitHub/TQS_107186/lab5/lab5_2/target/classes:/home/vitorsantos/.m2/repository/org/slf4j/slf4j-api/2.0.12/slf4j-api-2.0.12.jar:/home/vitorsantos/.m2/repository/ch/qos/logback/logback-classic/1.5.3/logback-classic-1.5.3.jar:/home/vitorsantos/.m2/repository/ch/qos/logback/logback-core/1.5.3/logback-core-1.5.3.jar:/home/vitorsantos/.m2/repository/org/junit/jupiter/junit-jupiter/5.10.2/junit-jupiter-5.10.2.jar:/home/vitorsantos/.m2/repository/org/junit/jupiter/junit-jupiter-api/5.10.2/junit-jupiter-api-5.10.2.jar:/home/vitorsantos/.m2/repository/org/opentest4j/opentest4j/1.3.0/opentest4j-1.3.0.jar:/home/vitorsantos/.m2/repository/org/junit/platform/junit-platform-commons/1.10.2/junit-platform-commons-1.10.2.jar:/home/vitorsantos/.m2/repository/org/junit/jupiter/junit-jupiter-params/5.10.2/junit-jupiter-params-5.10.2.jar:/home/vitorsantos/.m2/repository/org/junit/jupiter/junit-jupiter-engine/5.10.2/junit-jupiter-engine-5.10.2.jar:/home/vitorsantos/.m2/repository/org/junit/platform/junit-platform-suite/1.10.1/junit-platform-suite-1.10.1.jar:/home/vitorsantos/.m2/repository/org/junit/platform/junit-platform-suite-api/1.10.1/junit-platform-suite-api-1.10.1.jar:/home/vitorsantos/.m2/repository/org/junit/platform/junit-platform-suite-engine/1.10.1/junit-platform-suite-engine-1.10.1.jar:/home/vitorsantos/.m2/repository/org/junit/platform/junit-platform-suite-commons/1.10.1/junit-platform-suite-commons-1.10.1.jar:/home/vitorsantos/.m2/repository/org/junit/platform/junit-platform-launcher/1.10.1/junit-platform-launcher-1.10.1.jar:/home/vitorsantos/.m2/repository/io/cucumber/cucumber-java/7.15.0/cucumber-java-7.15.0.jar:/home/vitorsantos/.m2/repository/io/cucumber/cucumber-core/7.15.0/cucumber-core-7.15.0.jar:/home/vitorsantos/.m2/repository/io/cucumber/cucumber-gherkin/7.15.0/cucumber-gherkin-7.15.0.jar:/home/vitorsantos/.m2/repository/io/cucumber/cucumber-gherkin-messages/7.15.0/cucumber-gherkin-messages-7.15.0.jar:/home/vitorsantos/.m2/repository/io/cucumber/gherkin/26.2.0/gherkin-26.2.0.jar:/home/vitorsantos/.m2/repository/io/cucumber/messages/22.0.0/messages-22.0.0.jar:/home/vitorsantos/.m2/repository/io/cucumber/tag-expressions/6.0.0/tag-expressions-6.0.0.jar:/home/vitorsantos/.m2/repository/io/cucumber/cucumber-expressions/17.0.1/cucumber-expressions-17.0.1.jar:/home/vitorsantos/.m2/repository/io/cucumber/datatable/7.15.0/datatable-7.15.0.jar:/home/vitorsantos/.m2/repository/io/cucumber/cucumber-plugin/7.15.0/cucumber-plugin-7.15.0.jar:/home/vitorsantos/.m2/repository/io/cucumber/docstring/7.15.0/docstring-7.15.0.jar:/home/vitorsantos/.m2/repository/io/cucumber/html-formatter/20.4.0/html-formatter-20.4.0.jar:/home/vitorsantos/.m2/repository/io/cucumber/junit-xml-formatter/0.2.0/junit-xml-formatter-0.2.0.jar:/home/vitorsantos/.m2/repository/io/cucumber/ci-environment/10.0.0/ci-environment-10.0.0.jar:/home/vitorsantos/.m2/repository/org/apiguardian/apiguardian-api/1.1.2/apiguardian-api-1.1.2.jar:/home/vitorsantos/.m2/repository/io/cucumber/cucumber-junit-platform-engine/7.15.0/cucumber-junit-platform-engine-7.15.0.jar:/home/vitorsantos/.m2/repository/org/junit/platform/junit-platform-engine/1.10.1/junit-platform-engine-1.10.1.jar:"/>
    <property name="java.vm.vendor" value="Oracle Corporation"/>
    <property name="sun.arch.data.model" value="64"/>
    <property name="java.vendor.url" value="https://java.oracle.com/"/>
    <property name="user.timezone" value="Europe/Lisbon"/>
    <property name="user.country.format" value="PT"/>
    <property name="os.name" value="Linux"/>
    <property name="java.vm.specification.version" value="17"/>
    <property name="sun.java.launcher" value="SUN_STANDARD"/>
    <property name="user.country" value="US"/>
    <property name="sun.boot.library.path" value="/usr/lib/jvm/jdk-17-oracle-x64/lib"/>
    <property name="sun.java.command" value="/home/vitorsantos/Documents/GitHub/TQS_107186/lab5/lab5_2/target/surefire/surefirebooter-20240317161611109_3.jar /home/vitorsantos/Documents/GitHub/TQS_107186/lab5/lab5_2/target/surefire 2024-03-17T16-16-11_037-jvmRun1 surefire-20240317161611109_1tmp surefire_0-20240317161611109_2tmp"/>
    <property name="jdk.debug" value="release"/>
    <property name="surefire.test.class.path" value="/home/vitorsantos/Documents/GitHub/TQS_107186/lab5/lab5_2/target/test-classes:/home/vitorsantos/Documents/GitHub/TQS_107186/lab5/lab5_2/target/classes:/home/vitorsantos/.m2/repository/org/slf4j/slf4j-api/2.0.12/slf4j-api-2.0.12.jar:/home/vitorsantos/.m2/repository/ch/qos/logback/logback-classic/1.5.3/logback-classic-1.5.3.jar:/home/vitorsantos/.m2/repository/ch/qos/logback/logback-core/1.5.3/logback-core-1.5.3.jar:/home/vitorsantos/.m2/repository/org/junit/jupiter/junit-jupiter/5.10.2/junit-jupiter-5.10.2.jar:/home/vitorsantos/.m2/repository/org/junit/jupiter/junit-jupiter-api/5.10.2/junit-jupiter-api-5.10.2.jar:/home/vitorsantos/.m2/repository/org/opentest4j/opentest4j/1.3.0/opentest4j-1.3.0.jar:/home/vitorsantos/.m2/repository/org/junit/platform/junit-platform-commons/1.10.2/junit-platform-commons-1.10.2.jar:/home/vitorsantos/.m2/repository/org/junit/jupiter/junit-jupiter-params/5.10.2/junit-jupiter-params-5.10.2.jar:/home/vitorsantos/.m2/repository/org/junit/jupiter/junit-jupiter-engine/5.10.2/junit-jupiter-engine-5.10.2.jar:/home/vitorsantos/.m2/repository/org/junit/platform/junit-platform-suite/1.10.1/junit-platform-suite-1.10.1.jar:/home/vitorsantos/.m2/repository/org/junit/platform/junit-platform-suite-api/1.10.1/junit-platform-suite-api-1.10.1.jar:/home/vitorsantos/.m2/repository/org/junit/platform/junit-platform-suite-engine/1.10.1/junit-platform-suite-engine-1.10.1.jar:/home/vitorsantos/.m2/repository/org/junit/platform/junit-platform-suite-commons/1.10.1/junit-platform-suite-commons-1.10.1.jar:/home/vitorsantos/.m2/repository/org/junit/platform/junit-platform-launcher/1.10.1/junit-platform-launcher-1.10.1.jar:/home/vitorsantos/.m2/repository/io/cucumber/cucumber-java/7.15.0/cucumber-java-7.15.0.jar:/home/vitorsantos/.m2/repository/io/cucumber/cucumber-core/7.15.0/cucumber-core-7.15.0.jar:/home/vitorsantos/.m2/repository/io/cucumber/cucumber-gherkin/7.15.0/cucumber-gherkin-7.15.0.jar:/home/vitorsantos/.m2/repository/io/cucumber/cucumber-gherkin-messages/7.15.0/cucumber-gherkin-messages-7.15.0.jar:/home/vitorsantos/.m2/repository/io/cucumber/gherkin/26.2.0/gherkin-26.2.0.jar:/home/vitorsantos/.m2/repository/io/cucumber/messages/22.0.0/messages-22.0.0.jar:/home/vitorsantos/.m2/repository/io/cucumber/tag-expressions/6.0.0/tag-expressions-6.0.0.jar:/home/vitorsantos/.m2/repository/io/cucumber/cucumber-expressions/17.0.1/cucumber-expressions-17.0.1.jar:/home/vitorsantos/.m2/repository/io/cucumber/datatable/7.15.0/datatable-7.15.0.jar:/home/vitorsantos/.m2/repository/io/cucumber/cucumber-plugin/7.15.0/cucumber-plugin-7.15.0.jar:/home/vitorsantos/.m2/repository/io/cucumber/docstring/7.15.0/docstring-7.15.0.jar:/home/vitorsantos/.m2/repository/io/cucumber/html-formatter/20.4.0/html-formatter-20.4.0.jar:/home/vitorsantos/.m2/repository/io/cucumber/junit-xml-formatter/0.2.0/junit-xml-formatter-0.2.0.jar:/home/vitorsantos/.m2/repository/io/cucumber/ci-environment/10.0.0/ci-environment-10.0.0.jar:/home/vitorsantos/.m2/repository/org/apiguardian/apiguardian-api/1.1.2/apiguardian-api-1.1.2.jar:/home/vitorsantos/.m2/repository/io/cucumber/cucumber-junit-platform-engine/7.15.0/cucumber-junit-platform-engine-7.15.0.jar:/home/vitorsantos/.m2/repository/org/junit/platform/junit-platform-engine/1.10.1/junit-platform-engine-1.10.1.jar:"/>
    <property name="sun.cpu.endian" value="little"/>
    <property name="user.home" value="/home/vitorsantos"/>
    <property name="user.language" value="en"/>
    <property name="java.specification.vendor" value="Oracle Corporation"/>
    <property name="java.version.date" value="2023-07-18"/>
    <property name="java.home" value="/usr/lib/jvm/jdk-17-oracle-x64"/>
    <property name="file.separator" value="/"/>
    <property name="basedir" value="/home/vitorsantos/Documents/GitHub/TQS_107186/lab5/lab5_2"/>
    <property name="java.vm.compressedOopsMode" value="Zero based"/>
    <property name="line.separator" value="&#10;"/>
    <property name="java.specification.name" value="Java Platform API Specification"/>
    <property name="java.vm.specification.vendor" value="Oracle Corporation"/>
    <property name="surefire.real.class.path" value="/home/vitorsantos/Documents/GitHub/TQS_107186/lab5/lab5_2/target/surefire/surefirebooter-20240317161611109_3.jar"/>
    <property name="sun.management.compiler" value="HotSpot 64-Bit Tiered Compilers"/>
    <property name="java.runtime.version" value="17.0.8+9-LTS-211"/>
    <property name="user.name" value="vitorsantos"/>
    <property name="path.separator" value=":"/>
    <property name="os.version" value="6.5.0-25-generic"/>
    <property name="java.runtime.name" value="Java(TM) SE Runtime Environment"/>
    <property name="file.encoding" value="UTF-8"/>
    <property name="java.vm.name" value="Java HotSpot(TM) 64-Bit Server VM"/>
    <property name="localRepository" value="/home/vitorsantos/.m2/repository"/>
    <property name="java.vendor.url.bug" value="https://bugreport.java.com/bugreport/"/>
    <property name="java.io.tmpdir" value="/tmp"/>
    <property name="java.version" value="17.0.8"/>
    <property name="user.dir" value="/home/vitorsantos/Documents/GitHub/TQS_107186/lab5/lab5_2"/>
    <property name="os.arch" value="amd64"/>
    <property name="java.vm.specification.name" value="Java Virtual Machine Specification"/>
    <property name="user.language.format" value="pt"/>
    <property name="native.encoding" value="UTF-8"/>
    <property name="java.library.path" value="/usr/java/packages/lib:/usr/lib64:/lib64:/lib:/usr/lib"/>
    <property name="java.vm.info" value="mixed mode, sharing"/>
    <property name="java.vendor" value="Oracle Corporation"/>
    <property name="java.vm.version" value="17.0.8+9-LTS-211"/>
    <property name="sun.io.unicode.encoding" value="UnicodeLittle"/>
    <property name="java.class.version" value="61.0"/>
  </properties>
  <testcase name="Search books by title" classname="Book Search" time="0.08">
    <system-out><![CDATA[16:16:11.568 [main] DEBUG tqs.lab5.LibraryTest -- Searching by title with Uranium recipes for the nuclear engineer
16:16:11.571 [main] DEBUG tqs.lab5.LibraryTest -- Expected: [Book [title=Uranium recipes for the nuclear engineer, author=Homer Simpson, ISBN=1112309145190, date=Fri Mar 10 00:00:00 WET 2023, publisher=Simpson Papers]]
16:16:11.578 [main] DEBUG tqs.lab5.LibraryTest -- Result: [Book [title=Uranium recipes for the nuclear engineer, author=Homer Simpson, ISBN=1112309145190, date=Fri Mar 10 00:00:00 WET 2023, publisher=Simpson Papers]]
]]></system-out>
  </testcase>
  <testcase name="Search books by author" classname="Book Search" time="0.006">
    <system-out><![CDATA[16:16:11.586 [main] DEBUG tqs.lab5.LibraryTest -- Searching by author with Homer Simpson
16:16:11.587 [main] DEBUG tqs.lab5.LibraryTest -- Expected: [Book [title=Uranium recipes for the nuclear engineer, author=Homer Simpson, ISBN=1112309145190, date=Fri Mar 10 00:00:00 WET 2023, publisher=Simpson Papers], Book [title=Donut recipes for the couch potato, author=Homer Simpson, ISBN=7122309145191, date=Sun Feb 11 00:00:00 WET 2024, publisher=Simpson Papers]]
16:16:11.588 [main] DEBUG tqs.lab5.LibraryTest -- Result: [Book [title=Uranium recipes for the nuclear engineer, author=Homer Simpson, ISBN=1112309145190, date=Fri Mar 10 00:00:00 WET 2023, publisher=Simpson Papers], Book [title=Donut recipes for the couch potato, author=Homer Simpson, ISBN=7122309145191, date=Sun Feb 11 00:00:00 WET 2024, publisher=Simpson Papers]]
]]></system-out>
  </testcase>
  <testcase name="Search books by ISBN" classname="Book Search" time="0.006">
    <system-out><![CDATA[16:16:11.594 [main] DEBUG tqs.lab5.LibraryTest -- Searching by ISBN with 9947181058420
16:16:11.595 [main] DEBUG tqs.lab5.LibraryTest -- Expected: [Book [title=Nineteen eighty-four, author=George Orwell, ISBN=9947181058420, date=Tue Jun 07 00:00:00 WEST 1949, publisher=Secker & Warburg]]
16:16:11.595 [main] DEBUG tqs.lab5.LibraryTest -- Result: [Book [title=Nineteen eighty-four, author=George Orwell, ISBN=9947181058420, date=Tue Jun 07 00:00:00 WEST 1949, publisher=Secker & Warburg]]
]]></system-out>
  </testcase>
  <testcase name="Search books by date" classname="Book Search" time="0.005">
    <system-out><![CDATA[16:16:11.599 [main] DEBUG tqs.lab5.LibraryTest -- Searching by date with Sat Jan 01 00:00:00 WET 2000 and Wed Jan 01 00:00:00 WET 2025
16:16:11.600 [main] DEBUG tqs.lab5.LibraryTest -- Expected: [Book [title=Uranium recipes for the nuclear engineer, author=Homer Simpson, ISBN=1112309145190, date=Fri Mar 10 00:00:00 WET 2023, publisher=Simpson Papers], Book [title=Donut recipes for the couch potato, author=Homer Simpson, ISBN=7122309145191, date=Sun Feb 11 00:00:00 WET 2024, publisher=Simpson Papers], Book [title=The Odyssey, author=Homer, ISBN=7715349115199, date=Thu Mar 15 00:00:00 WET 2007, publisher=Ancient Press]]
16:16:11.601 [main] DEBUG tqs.lab5.LibraryTest -- Result: [Book [title=Uranium recipes for the nuclear engineer, author=Homer Simpson, ISBN=1112309145190, date=Fri Mar 10 00:00:00 WET 2023, publisher=Simpson Papers], Book [title=Donut recipes for the couch potato, author=Homer Simpson, ISBN=7122309145191, date=Sun Feb 11 00:00:00 WET 2024, publisher=Simpson Papers], Book [title=The Odyssey, author=Homer, ISBN=7715349115199, date=Thu Mar 15 00:00:00 WET 2007, publisher=Ancient Press]]
]]></system-out>
  </testcase>
</testsuite>