<?xml version="1.0" encoding="UTF-8"?>
<testsuite xmlns:xsi="http://www.w3.org/2001/XMLSchema-instance" xsi:noNamespaceSchemaLocation="https://maven.apache.org/surefire/maven-surefire-plugin/xsd/surefire-test-report-3.0.xsd" version="3.0" name="tqs.lab7.lab7_4.CarRestControllerIT_RealTest" time="13.566" tests="2" errors="0" skipped="0" failures="0">
  <properties>
    <property name="java.specification.version" value="17"/>
    <property name="sun.jnu.encoding" value="UTF-8"/>
    <property name="java.class.path" value="/home/vitorsantos/Documents/GitHub/TQS_107186/lab7/lab7_4/target/test-classes:/home/vitorsantos/Documents/GitHub/TQS_107186/lab7/lab7_4/target/classes:/home/vitorsantos/.m2/repository/org/springframework/boot/spring-boot-starter-data-jpa/3.2.3/spring-boot-starter-data-jpa-3.2.3.jar:/home/vitorsantos/.m2/repository/org/springframework/boot/spring-boot-starter-aop/3.2.3/spring-boot-starter-aop-3.2.3.jar:/home/vitorsantos/.m2/repository/org/springframework/spring-aop/6.1.4/spring-aop-6.1.4.jar:/home/vitorsantos/.m2/repository/org/aspectj/aspectjweaver/1.9.21/aspectjweaver-1.9.21.jar:/home/vitorsantos/.m2/repository/org/springframework/boot/spring-boot-starter-jdbc/3.2.3/spring-boot-starter-jdbc-3.2.3.jar:/home/vitorsantos/.m2/repository/com/zaxxer/HikariCP/5.0.1/HikariCP-5.0.1.jar:/home/vitorsantos/.m2/repository/org/springframework/spring-jdbc/6.1.4/spring-jdbc-6.1.4.jar:/home/vitorsantos/.m2/repository/org/hibernate/orm/hibernate-core/6.4.4.Final/hibernate-core-6.4.4.Final.jar:/home/vitorsantos/.m2/repository/jakarta/persistence/jakarta.persistence-api/3.1.0/jakarta.persistence-api-3.1.0.jar:/home/vitorsantos/.m2/repository/jakarta/transaction/jakarta.transaction-api/2.0.1/jakarta.transaction-api-2.0.1.jar:/home/vitorsantos/.m2/repository/org/jboss/logging/jboss-logging/3.5.3.Final/jboss-logging-3.5.3.Final.jar:/home/vitorsantos/.m2/repository/org/hibernate/common/hibernate-commons-annotations/6.0.6.Final/hibernate-commons-annotations-6.0.6.Final.jar:/home/vitorsantos/.m2/repository/io/smallrye/jandex/3.1.2/jandex-3.1.2.jar:/home/vitorsantos/.m2/repository/com/fasterxml/classmate/1.6.0/classmate-1.6.0.jar:/home/vitorsantos/.m2/repository/org/glassfish/jaxb/jaxb-runtime/4.0.4/jaxb-runtime-4.0.4.jar:/home/vitorsantos/.m2/repository/org/glassfish/jaxb/jaxb-core/4.0.4/jaxb-core-4.0.4.jar:/home/vitorsantos/.m2/repository/org/eclipse/angus/angus-activation/2.0.1/angus-activation-2.0.1.jar:/home/vitorsantos/.m2/repository/org/glassfish/jaxb/txw2/4.0.4/txw2-4.0.4.jar:/home/vitorsantos/.m2/repository/com/sun/istack/istack-commons-runtime/4.1.2/istack-commons-runtime-4.1.2.jar:/home/vitorsantos/.m2/repository/jakarta/inject/jakarta.inject-api/2.0.1/jakarta.inject-api-2.0.1.jar:/home/vitorsantos/.m2/repository/org/antlr/antlr4-runtime/4.13.0/antlr4-runtime-4.13.0.jar:/home/vitorsantos/.m2/repository/org/springframework/data/spring-data-jpa/3.2.3/spring-data-jpa-3.2.3.jar:/home/vitorsantos/.m2/repository/org/springframework/data/spring-data-commons/3.2.3/spring-data-commons-3.2.3.jar:/home/vitorsantos/.m2/repository/org/springframework/spring-orm/6.1.4/spring-orm-6.1.4.jar:/home/vitorsantos/.m2/repository/org/springframework/spring-context/6.1.4/spring-context-6.1.4.jar:/home/vitorsantos/.m2/repository/org/springframework/spring-tx/6.1.4/spring-tx-6.1.4.jar:/home/vitorsantos/.m2/repository/org/springframework/spring-beans/6.1.4/spring-beans-6.1.4.jar:/home/vitorsantos/.m2/repository/jakarta/annotation/jakarta.annotation-api/2.1.1/jakarta.annotation-api-2.1.1.jar:/home/vitorsantos/.m2/repository/org/slf4j/slf4j-api/2.0.12/slf4j-api-2.0.12.jar:/home/vitorsantos/.m2/repository/org/springframework/spring-aspects/6.1.4/spring-aspects-6.1.4.jar:/home/vitorsantos/.m2/repository/org/springframework/boot/spring-boot-starter-web/3.2.3/spring-boot-starter-web-3.2.3.jar:/home/vitorsantos/.m2/repository/org/springframework/boot/spring-boot-starter/3.2.3/spring-boot-starter-3.2.3.jar:/home/vitorsantos/.m2/repository/org/springframework/boot/spring-boot-starter-logging/3.2.3/spring-boot-starter-logging-3.2.3.jar:/home/vitorsantos/.m2/repository/ch/qos/logback/logback-classic/1.4.14/logback-classic-1.4.14.jar:/home/vitorsantos/.m2/repository/ch/qos/logback/logback-core/1.4.14/logback-core-1.4.14.jar:/home/vitorsantos/.m2/repository/org/apache/logging/log4j/log4j-to-slf4j/2.21.1/log4j-to-slf4j-2.21.1.jar:/home/vitorsantos/.m2/repository/org/apache/logging/log4j/log4j-api/2.21.1/log4j-api-2.21.1.jar:/home/vitorsantos/.m2/repository/org/slf4j/jul-to-slf4j/2.0.12/jul-to-slf4j-2.0.12.jar:/home/vitorsantos/.m2/repository/org/yaml/snakeyaml/2.2/snakeyaml-2.2.jar:/home/vitorsantos/.m2/repository/org/springframework/boot/spring-boot-starter-json/3.2.3/spring-boot-starter-json-3.2.3.jar:/home/vitorsantos/.m2/repository/com/fasterxml/jackson/core/jackson-databind/2.15.4/jackson-databind-2.15.4.jar:/home/vitorsantos/.m2/repository/com/fasterxml/jackson/core/jackson-annotations/2.15.4/jackson-annotations-2.15.4.jar:/home/vitorsantos/.m2/repository/com/fasterxml/jackson/datatype/jackson-datatype-jdk8/2.15.4/jackson-datatype-jdk8-2.15.4.jar:/home/vitorsantos/.m2/repository/com/fasterxml/jackson/datatype/jackson-datatype-jsr310/2.15.4/jackson-datatype-jsr310-2.15.4.jar:/home/vitorsantos/.m2/repository/com/fasterxml/jackson/module/jackson-module-parameter-names/2.15.4/jackson-module-parameter-names-2.15.4.jar:/home/vitorsantos/.m2/repository/org/springframework/boot/spring-boot-starter-tomcat/3.2.3/spring-boot-starter-tomcat-3.2.3.jar:/home/vitorsantos/.m2/repository/org/apache/tomcat/embed/tomcat-embed-core/10.1.19/tomcat-embed-core-10.1.19.jar:/home/vitorsantos/.m2/repository/org/apache/tomcat/embed/tomcat-embed-el/10.1.19/tomcat-embed-el-10.1.19.jar:/home/vitorsantos/.m2/repository/org/apache/tomcat/embed/tomcat-embed-websocket/10.1.19/tomcat-embed-websocket-10.1.19.jar:/home/vitorsantos/.m2/repository/org/springframework/spring-web/6.1.4/spring-web-6.1.4.jar:/home/vitorsantos/.m2/repository/io/micrometer/micrometer-observation/1.12.3/micrometer-observation-1.12.3.jar:/home/vitorsantos/.m2/repository/io/micrometer/micrometer-commons/1.12.3/micrometer-commons-1.12.3.jar:/home/vitorsantos/.m2/repository/org/springframework/spring-webmvc/6.1.4/spring-webmvc-6.1.4.jar:/home/vitorsantos/.m2/repository/org/springframework/spring-expression/6.1.4/spring-expression-6.1.4.jar:/home/vitorsantos/.m2/repository/org/springframework/boot/spring-boot-devtools/3.2.3/spring-boot-devtools-3.2.3.jar:/home/vitorsantos/.m2/repository/org/springframework/boot/spring-boot/3.2.3/spring-boot-3.2.3.jar:/home/vitorsantos/.m2/repository/org/springframework/boot/spring-boot-autoconfigure/3.2.3/spring-boot-autoconfigure-3.2.3.jar:/home/vitorsantos/.m2/repository/com/h2database/h2/2.2.224/h2-2.2.224.jar:/home/vitorsantos/.m2/repository/com/mysql/mysql-connector-j/8.3.0/mysql-connector-j-8.3.0.jar:/home/vitorsantos/.m2/repository/org/springframework/boot/spring-boot-starter-test/3.2.3/spring-boot-starter-test-3.2.3.jar:/home/vitorsantos/.m2/repository/org/springframework/boot/spring-boot-test/3.2.3/spring-boot-test-3.2.3.jar:/home/vitorsantos/.m2/repository/org/springframework/boot/spring-boot-test-autoconfigure/3.2.3/spring-boot-test-autoconfigure-3.2.3.jar:/home/vitorsantos/.m2/repository/com/jayway/jsonpath/json-path/2.9.0/json-path-2.9.0.jar:/home/vitorsantos/.m2/repository/jakarta/xml/bind/jakarta.xml.bind-api/4.0.1/jakarta.xml.bind-api-4.0.1.jar:/home/vitorsantos/.m2/repository/jakarta/activation/jakarta.activation-api/2.1.2/jakarta.activation-api-2.1.2.jar:/home/vitorsantos/.m2/repository/net/minidev/json-smart/2.5.0/json-smart-2.5.0.jar:/home/vitorsantos/.m2/repository/net/minidev/accessors-smart/2.5.0/accessors-smart-2.5.0.jar:/home/vitorsantos/.m2/repository/org/ow2/asm/asm/9.3/asm-9.3.jar:/home/vitorsantos/.m2/repository/org/awaitility/awaitility/4.2.0/awaitility-4.2.0.jar:/home/vitorsantos/.m2/repository/org/junit/jupiter/junit-jupiter/5.10.2/junit-jupiter-5.10.2.jar:/home/vitorsantos/.m2/repository/org/junit/jupiter/junit-jupiter-api/5.10.2/junit-jupiter-api-5.10.2.jar:/home/vitorsantos/.m2/repository/org/opentest4j/opentest4j/1.3.0/opentest4j-1.3.0.jar:/home/vitorsantos/.m2/repository/org/junit/platform/junit-platform-commons/1.10.2/junit-platform-commons-1.10.2.jar:/home/vitorsantos/.m2/repository/org/apiguardian/apiguardian-api/1.1.2/apiguardian-api-1.1.2.jar:/home/vitorsantos/.m2/repository/org/junit/jupiter/junit-jupiter-params/5.10.2/junit-jupiter-params-5.10.2.jar:/home/vitorsantos/.m2/repository/org/junit/jupiter/junit-jupiter-engine/5.10.2/junit-jupiter-engine-5.10.2.jar:/home/vitorsantos/.m2/repository/org/junit/platform/junit-platform-engine/1.10.2/junit-platform-engine-1.10.2.jar:/home/vitorsantos/.m2/repository/org/mockito/mockito-core/5.7.0/mockito-core-5.7.0.jar:/home/vitorsantos/.m2/repository/net/bytebuddy/byte-buddy-agent/1.14.12/byte-buddy-agent-1.14.12.jar:/home/vitorsantos/.m2/repository/org/objenesis/objenesis/3.3/objenesis-3.3.jar:/home/vitorsantos/.m2/repository/org/mockito/mockito-junit-jupiter/5.7.0/mockito-junit-jupiter-5.7.0.jar:/home/vitorsantos/.m2/repository/org/skyscreamer/jsonassert/1.5.1/jsonassert-1.5.1.jar:/home/vitorsantos/.m2/repository/com/vaadin/external/google/android-json/0.0.20131108.vaadin1/android-json-0.0.20131108.vaadin1.jar:/home/vitorsantos/.m2/repository/org/springframework/spring-core/6.1.4/spring-core-6.1.4.jar:/home/vitorsantos/.m2/repository/org/springframework/spring-jcl/6.1.4/spring-jcl-6.1.4.jar:/home/vitorsantos/.m2/repository/org/springframework/spring-test/6.1.4/spring-test-6.1.4.jar:/home/vitorsantos/.m2/repository/org/xmlunit/xmlunit-core/2.9.1/xmlunit-core-2.9.1.jar:/home/vitorsantos/.m2/repository/org/assertj/assertj-core/3.25.3/assertj-core-3.25.3.jar:/home/vitorsantos/.m2/repository/net/bytebuddy/byte-buddy/1.14.12/byte-buddy-1.14.12.jar:/home/vitorsantos/.m2/repository/io/rest-assured/spring-mock-mvc/5.3.2/spring-mock-mvc-5.3.2.jar:/home/vitorsantos/.m2/repository/io/rest-assured/rest-assured/5.3.2/rest-assured-5.3.2.jar:/home/vitorsantos/.m2/repository/org/apache/groovy/groovy/4.0.18/groovy-4.0.18.jar:/home/vitorsantos/.m2/repository/org/apache/groovy/groovy-xml/4.0.18/groovy-xml-4.0.18.jar:/home/vitorsantos/.m2/repository/org/apache/httpcomponents/httpclient/4.5.13/httpclient-4.5.13.jar:/home/vitorsantos/.m2/repository/org/apache/httpcomponents/httpcore/4.4.16/httpcore-4.4.16.jar:/home/vitorsantos/.m2/repository/commons-codec/commons-codec/1.16.1/commons-codec-1.16.1.jar:/home/vitorsantos/.m2/repository/org/apache/httpcomponents/httpmime/4.5.13/httpmime-4.5.13.jar:/home/vitorsantos/.m2/repository/org/ccil/cowan/tagsoup/tagsoup/1.2.1/tagsoup-1.2.1.jar:/home/vitorsantos/.m2/repository/io/rest-assured/json-path/5.3.2/json-path-5.3.2.jar:/home/vitorsantos/.m2/repository/org/apache/groovy/groovy-json/4.0.18/groovy-json-4.0.18.jar:/home/vitorsantos/.m2/repository/io/rest-assured/rest-assured-common/5.3.2/rest-assured-common-5.3.2.jar:/home/vitorsantos/.m2/repository/io/rest-assured/xml-path/5.3.2/xml-path-5.3.2.jar:/home/vitorsantos/.m2/repository/org/apache/commons/commons-lang3/3.13.0/commons-lang3-3.13.0.jar:/home/vitorsantos/.m2/repository/io/rest-assured/spring-commons/5.3.2/spring-commons-5.3.2.jar:/home/vitorsantos/.m2/repository/org/hamcrest/hamcrest/2.2/hamcrest-2.2.jar:/home/vitorsantos/.m2/repository/org/springframework/boot/spring-boot-testcontainers/3.2.3/spring-boot-testcontainers-3.2.3.jar:/home/vitorsantos/.m2/repository/org/testcontainers/testcontainers/1.19.5/testcontainers-1.19.5.jar:/home/vitorsantos/.m2/repository/junit/junit/4.13.2/junit-4.13.2.jar:/home/vitorsantos/.m2/repository/org/hamcrest/hamcrest-core/2.2/hamcrest-core-2.2.jar:/home/vitorsantos/.m2/repository/org/apache/commons/commons-compress/1.24.0/commons-compress-1.24.0.jar:/home/vitorsantos/.m2/repository/org/rnorth/duct-tape/duct-tape/1.0.8/duct-tape-1.0.8.jar:/home/vitorsantos/.m2/repository/org/jetbrains/annotations/17.0.0/annotations-17.0.0.jar:/home/vitorsantos/.m2/repository/com/github/docker-java/docker-java-api/3.3.4/docker-java-api-3.3.4.jar:/home/vitorsantos/.m2/repository/com/github/docker-java/docker-java-transport-zerodep/3.3.4/docker-java-transport-zerodep-3.3.4.jar:/home/vitorsantos/.m2/repository/com/github/docker-java/docker-java-transport/3.3.4/docker-java-transport-3.3.4.jar:/home/vitorsantos/.m2/repository/net/java/dev/jna/jna/5.13.0/jna-5.13.0.jar:/home/vitorsantos/.m2/repository/org/testcontainers/junit-jupiter/1.19.5/junit-jupiter-1.19.5.jar:/home/vitorsantos/.m2/repository/org/testcontainers/postgresql/1.19.5/postgresql-1.19.5.jar:/home/vitorsantos/.m2/repository/org/testcontainers/jdbc/1.19.5/jdbc-1.19.5.jar:/home/vitorsantos/.m2/repository/org/testcontainers/database-commons/1.19.5/database-commons-1.19.5.jar:/home/vitorsantos/.m2/repository/org/postgresql/postgresql/42.6.1/postgresql-42.6.1.jar:/home/vitorsantos/.m2/repository/org/checkerframework/checker-qual/3.31.0/checker-qual-3.31.0.jar:/home/vitorsantos/.m2/repository/org/flywaydb/flyway-core/9.22.3/flyway-core-9.22.3.jar:/home/vitorsantos/.m2/repository/com/fasterxml/jackson/dataformat/jackson-dataformat-toml/2.15.4/jackson-dataformat-toml-2.15.4.jar:/home/vitorsantos/.m2/repository/com/fasterxml/jackson/core/jackson-core/2.15.4/jackson-core-2.15.4.jar:/home/vitorsantos/.m2/repository/com/google/code/gson/gson/2.10.1/gson-2.10.1.jar:"/>
    <property name="java.vm.vendor" value="Oracle Corporation"/>
    <property name="sun.arch.data.model" value="64"/>
    <property name="catalina.useNaming" value="false"/>
    <property name="java.vendor.url" value="https://java.oracle.com/"/>
    <property name="user.timezone" value="Europe/Lisbon"/>
    <property name="org.jboss.logging.provider" value="slf4j"/>
    <property name="user.country.format" value="PT"/>
    <property name="os.name" value="Linux"/>
    <property name="java.vm.specification.version" value="17"/>
    <property name="sun.java.launcher" value="SUN_STANDARD"/>
    <property name="user.country" value="US"/>
    <property name="sun.boot.library.path" value="/usr/lib/jvm/jdk-17-oracle-x64/lib"/>
    <property name="sun.java.command" value="/home/vitorsantos/Documents/GitHub/TQS_107186/lab7/lab7_4/target/surefire/surefirebooter-20240410223134700_3.jar /home/vitorsantos/Documents/GitHub/TQS_107186/lab7/lab7_4/target/surefire 2024-04-10T22-31-34_516-jvmRun1 surefire-20240410223134700_1tmp surefire_0-20240410223134700_2tmp"/>
    <property name="jdk.debug" value="release"/>
    <property name="surefire.test.class.path" value="/home/vitorsantos/Documents/GitHub/TQS_107186/lab7/lab7_4/target/test-classes:/home/vitorsantos/Documents/GitHub/TQS_107186/lab7/lab7_4/target/classes:/home/vitorsantos/.m2/repository/org/springframework/boot/spring-boot-starter-data-jpa/3.2.3/spring-boot-starter-data-jpa-3.2.3.jar:/home/vitorsantos/.m2/repository/org/springframework/boot/spring-boot-starter-aop/3.2.3/spring-boot-starter-aop-3.2.3.jar:/home/vitorsantos/.m2/repository/org/springframework/spring-aop/6.1.4/spring-aop-6.1.4.jar:/home/vitorsantos/.m2/repository/org/aspectj/aspectjweaver/1.9.21/aspectjweaver-1.9.21.jar:/home/vitorsantos/.m2/repository/org/springframework/boot/spring-boot-starter-jdbc/3.2.3/spring-boot-starter-jdbc-3.2.3.jar:/home/vitorsantos/.m2/repository/com/zaxxer/HikariCP/5.0.1/HikariCP-5.0.1.jar:/home/vitorsantos/.m2/repository/org/springframework/spring-jdbc/6.1.4/spring-jdbc-6.1.4.jar:/home/vitorsantos/.m2/repository/org/hibernate/orm/hibernate-core/6.4.4.Final/hibernate-core-6.4.4.Final.jar:/home/vitorsantos/.m2/repository/jakarta/persistence/jakarta.persistence-api/3.1.0/jakarta.persistence-api-3.1.0.jar:/home/vitorsantos/.m2/repository/jakarta/transaction/jakarta.transaction-api/2.0.1/jakarta.transaction-api-2.0.1.jar:/home/vitorsantos/.m2/repository/org/jboss/logging/jboss-logging/3.5.3.Final/jboss-logging-3.5.3.Final.jar:/home/vitorsantos/.m2/repository/org/hibernate/common/hibernate-commons-annotations/6.0.6.Final/hibernate-commons-annotations-6.0.6.Final.jar:/home/vitorsantos/.m2/repository/io/smallrye/jandex/3.1.2/jandex-3.1.2.jar:/home/vitorsantos/.m2/repository/com/fasterxml/classmate/1.6.0/classmate-1.6.0.jar:/home/vitorsantos/.m2/repository/org/glassfish/jaxb/jaxb-runtime/4.0.4/jaxb-runtime-4.0.4.jar:/home/vitorsantos/.m2/repository/org/glassfish/jaxb/jaxb-core/4.0.4/jaxb-core-4.0.4.jar:/home/vitorsantos/.m2/repository/org/eclipse/angus/angus-activation/2.0.1/angus-activation-2.0.1.jar:/home/vitorsantos/.m2/repository/org/glassfish/jaxb/txw2/4.0.4/txw2-4.0.4.jar:/home/vitorsantos/.m2/repository/com/sun/istack/istack-commons-runtime/4.1.2/istack-commons-runtime-4.1.2.jar:/home/vitorsantos/.m2/repository/jakarta/inject/jakarta.inject-api/2.0.1/jakarta.inject-api-2.0.1.jar:/home/vitorsantos/.m2/repository/org/antlr/antlr4-runtime/4.13.0/antlr4-runtime-4.13.0.jar:/home/vitorsantos/.m2/repository/org/springframework/data/spring-data-jpa/3.2.3/spring-data-jpa-3.2.3.jar:/home/vitorsantos/.m2/repository/org/springframework/data/spring-data-commons/3.2.3/spring-data-commons-3.2.3.jar:/home/vitorsantos/.m2/repository/org/springframework/spring-orm/6.1.4/spring-orm-6.1.4.jar:/home/vitorsantos/.m2/repository/org/springframework/spring-context/6.1.4/spring-context-6.1.4.jar:/home/vitorsantos/.m2/repository/org/springframework/spring-tx/6.1.4/spring-tx-6.1.4.jar:/home/vitorsantos/.m2/repository/org/springframework/spring-beans/6.1.4/spring-beans-6.1.4.jar:/home/vitorsantos/.m2/repository/jakarta/annotation/jakarta.annotation-api/2.1.1/jakarta.annotation-api-2.1.1.jar:/home/vitorsantos/.m2/repository/org/slf4j/slf4j-api/2.0.12/slf4j-api-2.0.12.jar:/home/vitorsantos/.m2/repository/org/springframework/spring-aspects/6.1.4/spring-aspects-6.1.4.jar:/home/vitorsantos/.m2/repository/org/springframework/boot/spring-boot-starter-web/3.2.3/spring-boot-starter-web-3.2.3.jar:/home/vitorsantos/.m2/repository/org/springframework/boot/spring-boot-starter/3.2.3/spring-boot-starter-3.2.3.jar:/home/vitorsantos/.m2/repository/org/springframework/boot/spring-boot-starter-logging/3.2.3/spring-boot-starter-logging-3.2.3.jar:/home/vitorsantos/.m2/repository/ch/qos/logback/logback-classic/1.4.14/logback-classic-1.4.14.jar:/home/vitorsantos/.m2/repository/ch/qos/logback/logback-core/1.4.14/logback-core-1.4.14.jar:/home/vitorsantos/.m2/repository/org/apache/logging/log4j/log4j-to-slf4j/2.21.1/log4j-to-slf4j-2.21.1.jar:/home/vitorsantos/.m2/repository/org/apache/logging/log4j/log4j-api/2.21.1/log4j-api-2.21.1.jar:/home/vitorsantos/.m2/repository/org/slf4j/jul-to-slf4j/2.0.12/jul-to-slf4j-2.0.12.jar:/home/vitorsantos/.m2/repository/org/yaml/snakeyaml/2.2/snakeyaml-2.2.jar:/home/vitorsantos/.m2/repository/org/springframework/boot/spring-boot-starter-json/3.2.3/spring-boot-starter-json-3.2.3.jar:/home/vitorsantos/.m2/repository/com/fasterxml/jackson/core/jackson-databind/2.15.4/jackson-databind-2.15.4.jar:/home/vitorsantos/.m2/repository/com/fasterxml/jackson/core/jackson-annotations/2.15.4/jackson-annotations-2.15.4.jar:/home/vitorsantos/.m2/repository/com/fasterxml/jackson/datatype/jackson-datatype-jdk8/2.15.4/jackson-datatype-jdk8-2.15.4.jar:/home/vitorsantos/.m2/repository/com/fasterxml/jackson/datatype/jackson-datatype-jsr310/2.15.4/jackson-datatype-jsr310-2.15.4.jar:/home/vitorsantos/.m2/repository/com/fasterxml/jackson/module/jackson-module-parameter-names/2.15.4/jackson-module-parameter-names-2.15.4.jar:/home/vitorsantos/.m2/repository/org/springframework/boot/spring-boot-starter-tomcat/3.2.3/spring-boot-starter-tomcat-3.2.3.jar:/home/vitorsantos/.m2/repository/org/apache/tomcat/embed/tomcat-embed-core/10.1.19/tomcat-embed-core-10.1.19.jar:/home/vitorsantos/.m2/repository/org/apache/tomcat/embed/tomcat-embed-el/10.1.19/tomcat-embed-el-10.1.19.jar:/home/vitorsantos/.m2/repository/org/apache/tomcat/embed/tomcat-embed-websocket/10.1.19/tomcat-embed-websocket-10.1.19.jar:/home/vitorsantos/.m2/repository/org/springframework/spring-web/6.1.4/spring-web-6.1.4.jar:/home/vitorsantos/.m2/repository/io/micrometer/micrometer-observation/1.12.3/micrometer-observation-1.12.3.jar:/home/vitorsantos/.m2/repository/io/micrometer/micrometer-commons/1.12.3/micrometer-commons-1.12.3.jar:/home/vitorsantos/.m2/repository/org/springframework/spring-webmvc/6.1.4/spring-webmvc-6.1.4.jar:/home/vitorsantos/.m2/repository/org/springframework/spring-expression/6.1.4/spring-expression-6.1.4.jar:/home/vitorsantos/.m2/repository/org/springframework/boot/spring-boot-devtools/3.2.3/spring-boot-devtools-3.2.3.jar:/home/vitorsantos/.m2/repository/org/springframework/boot/spring-boot/3.2.3/spring-boot-3.2.3.jar:/home/vitorsantos/.m2/repository/org/springframework/boot/spring-boot-autoconfigure/3.2.3/spring-boot-autoconfigure-3.2.3.jar:/home/vitorsantos/.m2/repository/com/h2database/h2/2.2.224/h2-2.2.224.jar:/home/vitorsantos/.m2/repository/com/mysql/mysql-connector-j/8.3.0/mysql-connector-j-8.3.0.jar:/home/vitorsantos/.m2/repository/org/springframework/boot/spring-boot-starter-test/3.2.3/spring-boot-starter-test-3.2.3.jar:/home/vitorsantos/.m2/repository/org/springframework/boot/spring-boot-test/3.2.3/spring-boot-test-3.2.3.jar:/home/vitorsantos/.m2/repository/org/springframework/boot/spring-boot-test-autoconfigure/3.2.3/spring-boot-test-autoconfigure-3.2.3.jar:/home/vitorsantos/.m2/repository/com/jayway/jsonpath/json-path/2.9.0/json-path-2.9.0.jar:/home/vitorsantos/.m2/repository/jakarta/xml/bind/jakarta.xml.bind-api/4.0.1/jakarta.xml.bind-api-4.0.1.jar:/home/vitorsantos/.m2/repository/jakarta/activation/jakarta.activation-api/2.1.2/jakarta.activation-api-2.1.2.jar:/home/vitorsantos/.m2/repository/net/minidev/json-smart/2.5.0/json-smart-2.5.0.jar:/home/vitorsantos/.m2/repository/net/minidev/accessors-smart/2.5.0/accessors-smart-2.5.0.jar:/home/vitorsantos/.m2/repository/org/ow2/asm/asm/9.3/asm-9.3.jar:/home/vitorsantos/.m2/repository/org/awaitility/awaitility/4.2.0/awaitility-4.2.0.jar:/home/vitorsantos/.m2/repository/org/junit/jupiter/junit-jupiter/5.10.2/junit-jupiter-5.10.2.jar:/home/vitorsantos/.m2/repository/org/junit/jupiter/junit-jupiter-api/5.10.2/junit-jupiter-api-5.10.2.jar:/home/vitorsantos/.m2/repository/org/opentest4j/opentest4j/1.3.0/opentest4j-1.3.0.jar:/home/vitorsantos/.m2/repository/org/junit/platform/junit-platform-commons/1.10.2/junit-platform-commons-1.10.2.jar:/home/vitorsantos/.m2/repository/org/apiguardian/apiguardian-api/1.1.2/apiguardian-api-1.1.2.jar:/home/vitorsantos/.m2/repository/org/junit/jupiter/junit-jupiter-params/5.10.2/junit-jupiter-params-5.10.2.jar:/home/vitorsantos/.m2/repository/org/junit/jupiter/junit-jupiter-engine/5.10.2/junit-jupiter-engine-5.10.2.jar:/home/vitorsantos/.m2/repository/org/junit/platform/junit-platform-engine/1.10.2/junit-platform-engine-1.10.2.jar:/home/vitorsantos/.m2/repository/org/mockito/mockito-core/5.7.0/mockito-core-5.7.0.jar:/home/vitorsantos/.m2/repository/net/bytebuddy/byte-buddy-agent/1.14.12/byte-buddy-agent-1.14.12.jar:/home/vitorsantos/.m2/repository/org/objenesis/objenesis/3.3/objenesis-3.3.jar:/home/vitorsantos/.m2/repository/org/mockito/mockito-junit-jupiter/5.7.0/mockito-junit-jupiter-5.7.0.jar:/home/vitorsantos/.m2/repository/org/skyscreamer/jsonassert/1.5.1/jsonassert-1.5.1.jar:/home/vitorsantos/.m2/repository/com/vaadin/external/google/android-json/0.0.20131108.vaadin1/android-json-0.0.20131108.vaadin1.jar:/home/vitorsantos/.m2/repository/org/springframework/spring-core/6.1.4/spring-core-6.1.4.jar:/home/vitorsantos/.m2/repository/org/springframework/spring-jcl/6.1.4/spring-jcl-6.1.4.jar:/home/vitorsantos/.m2/repository/org/springframework/spring-test/6.1.4/spring-test-6.1.4.jar:/home/vitorsantos/.m2/repository/org/xmlunit/xmlunit-core/2.9.1/xmlunit-core-2.9.1.jar:/home/vitorsantos/.m2/repository/org/assertj/assertj-core/3.25.3/assertj-core-3.25.3.jar:/home/vitorsantos/.m2/repository/net/bytebuddy/byte-buddy/1.14.12/byte-buddy-1.14.12.jar:/home/vitorsantos/.m2/repository/io/rest-assured/spring-mock-mvc/5.3.2/spring-mock-mvc-5.3.2.jar:/home/vitorsantos/.m2/repository/io/rest-assured/rest-assured/5.3.2/rest-assured-5.3.2.jar:/home/vitorsantos/.m2/repository/org/apache/groovy/groovy/4.0.18/groovy-4.0.18.jar:/home/vitorsantos/.m2/repository/org/apache/groovy/groovy-xml/4.0.18/groovy-xml-4.0.18.jar:/home/vitorsantos/.m2/repository/org/apache/httpcomponents/httpclient/4.5.13/httpclient-4.5.13.jar:/home/vitorsantos/.m2/repository/org/apache/httpcomponents/httpcore/4.4.16/httpcore-4.4.16.jar:/home/vitorsantos/.m2/repository/commons-codec/commons-codec/1.16.1/commons-codec-1.16.1.jar:/home/vitorsantos/.m2/repository/org/apache/httpcomponents/httpmime/4.5.13/httpmime-4.5.13.jar:/home/vitorsantos/.m2/repository/org/ccil/cowan/tagsoup/tagsoup/1.2.1/tagsoup-1.2.1.jar:/home/vitorsantos/.m2/repository/io/rest-assured/json-path/5.3.2/json-path-5.3.2.jar:/home/vitorsantos/.m2/repository/org/apache/groovy/groovy-json/4.0.18/groovy-json-4.0.18.jar:/home/vitorsantos/.m2/repository/io/rest-assured/rest-assured-common/5.3.2/rest-assured-common-5.3.2.jar:/home/vitorsantos/.m2/repository/io/rest-assured/xml-path/5.3.2/xml-path-5.3.2.jar:/home/vitorsantos/.m2/repository/org/apache/commons/commons-lang3/3.13.0/commons-lang3-3.13.0.jar:/home/vitorsantos/.m2/repository/io/rest-assured/spring-commons/5.3.2/spring-commons-5.3.2.jar:/home/vitorsantos/.m2/repository/org/hamcrest/hamcrest/2.2/hamcrest-2.2.jar:/home/vitorsantos/.m2/repository/org/springframework/boot/spring-boot-testcontainers/3.2.3/spring-boot-testcontainers-3.2.3.jar:/home/vitorsantos/.m2/repository/org/testcontainers/testcontainers/1.19.5/testcontainers-1.19.5.jar:/home/vitorsantos/.m2/repository/junit/junit/4.13.2/junit-4.13.2.jar:/home/vitorsantos/.m2/repository/org/hamcrest/hamcrest-core/2.2/hamcrest-core-2.2.jar:/home/vitorsantos/.m2/repository/org/apache/commons/commons-compress/1.24.0/commons-compress-1.24.0.jar:/home/vitorsantos/.m2/repository/org/rnorth/duct-tape/duct-tape/1.0.8/duct-tape-1.0.8.jar:/home/vitorsantos/.m2/repository/org/jetbrains/annotations/17.0.0/annotations-17.0.0.jar:/home/vitorsantos/.m2/repository/com/github/docker-java/docker-java-api/3.3.4/docker-java-api-3.3.4.jar:/home/vitorsantos/.m2/repository/com/github/docker-java/docker-java-transport-zerodep/3.3.4/docker-java-transport-zerodep-3.3.4.jar:/home/vitorsantos/.m2/repository/com/github/docker-java/docker-java-transport/3.3.4/docker-java-transport-3.3.4.jar:/home/vitorsantos/.m2/repository/net/java/dev/jna/jna/5.13.0/jna-5.13.0.jar:/home/vitorsantos/.m2/repository/org/testcontainers/junit-jupiter/1.19.5/junit-jupiter-1.19.5.jar:/home/vitorsantos/.m2/repository/org/testcontainers/postgresql/1.19.5/postgresql-1.19.5.jar:/home/vitorsantos/.m2/repository/org/testcontainers/jdbc/1.19.5/jdbc-1.19.5.jar:/home/vitorsantos/.m2/repository/org/testcontainers/database-commons/1.19.5/database-commons-1.19.5.jar:/home/vitorsantos/.m2/repository/org/postgresql/postgresql/42.6.1/postgresql-42.6.1.jar:/home/vitorsantos/.m2/repository/org/checkerframework/checker-qual/3.31.0/checker-qual-3.31.0.jar:/home/vitorsantos/.m2/repository/org/flywaydb/flyway-core/9.22.3/flyway-core-9.22.3.jar:/home/vitorsantos/.m2/repository/com/fasterxml/jackson/dataformat/jackson-dataformat-toml/2.15.4/jackson-dataformat-toml-2.15.4.jar:/home/vitorsantos/.m2/repository/com/fasterxml/jackson/core/jackson-core/2.15.4/jackson-core-2.15.4.jar:/home/vitorsantos/.m2/repository/com/google/code/gson/gson/2.10.1/gson-2.10.1.jar:"/>
    <property name="sun.cpu.endian" value="little"/>
    <property name="user.home" value="/home/vitorsantos"/>
    <property name="user.language" value="en"/>
    <property name="java.specification.vendor" value="Oracle Corporation"/>
    <property name="java.version.date" value="2023-07-18"/>
    <property name="java.home" value="/usr/lib/jvm/jdk-17-oracle-x64"/>
    <property name="file.separator" value="/"/>
    <property name="basedir" value="/home/vitorsantos/Documents/GitHub/TQS_107186/lab7/lab7_4"/>
    <property name="java.vm.compressedOopsMode" value="Zero based"/>
    <property name="line.separator" value="&#10;"/>
    <property name="java.vm.specification.vendor" value="Oracle Corporation"/>
    <property name="java.specification.name" value="Java Platform API Specification"/>
    <property name="FILE_LOG_CHARSET" value="UTF-8"/>
    <property name="java.awt.headless" value="true"/>
    <property name="surefire.real.class.path" value="/home/vitorsantos/Documents/GitHub/TQS_107186/lab7/lab7_4/target/surefire/surefirebooter-20240410223134700_3.jar"/>
    <property name="sun.management.compiler" value="HotSpot 64-Bit Tiered Compilers"/>
    <property name="java.runtime.version" value="17.0.8+9-LTS-211"/>
    <property name="user.name" value="vitorsantos"/>
    <property name="path.separator" value=":"/>
    <property name="os.version" value="6.5.0-27-generic"/>
    <property name="java.runtime.name" value="Java(TM) SE Runtime Environment"/>
    <property name="file.encoding" value="UTF-8"/>
    <property name="jnidispatch.path" value="/home/vitorsantos/.cache/JNA/temp/jna4052187290737653253.tmp"/>
    <property name="java.vm.name" value="Java HotSpot(TM) 64-Bit Server VM"/>
    <property name="jna.platform.library.path" value="/usr/lib/x86_64-linux-gnu:/lib/x86_64-linux-gnu:/usr/lib64:/lib64:/usr/lib:/lib:/lib/i386-linux-gnu:/usr/lib/x86_64-linux-gnu/libfakeroot"/>
    <property name="localRepository" value="/home/vitorsantos/.m2/repository"/>
    <property name="jna.loaded" value="true"/>
    <property name="java.vendor.url.bug" value="https://bugreport.java.com/bugreport/"/>
    <property name="java.io.tmpdir" value="/tmp"/>
    <property name="catalina.home" value="/tmp/tomcat.0.17849068210141249957"/>
    <property name="com.zaxxer.hikari.pool_number" value="1"/>
    <property name="java.version" value="17.0.8"/>
    <property name="user.dir" value="/home/vitorsantos/Documents/GitHub/TQS_107186/lab7/lab7_4"/>
    <property name="os.arch" value="amd64"/>
    <property name="java.vm.specification.name" value="Java Virtual Machine Specification"/>
    <property name="PID" value="65635"/>
    <property name="user.language.format" value="pt"/>
    <property name="CONSOLE_LOG_CHARSET" value="UTF-8"/>
    <property name="catalina.base" value="/tmp/tomcat.0.17849068210141249957"/>
    <property name="native.encoding" value="UTF-8"/>
    <property name="java.library.path" value="/usr/java/packages/lib:/usr/lib64:/lib64:/lib:/usr/lib"/>
    <property name="java.vm.info" value="mixed mode, sharing"/>
    <property name="java.vendor" value="Oracle Corporation"/>
    <property name="java.vm.version" value="17.0.8+9-LTS-211"/>
    <property name="sun.io.unicode.encoding" value="UnicodeLittle"/>
    <property name="java.class.version" value="61.0"/>
    <property name="LOGGED_APPLICATION_NAME" value="[lab7_3] "/>
  </properties>
  <testcase name="getCars" classname="tqs.lab7.lab7_4.CarRestControllerIT_RealTest" time="2.236">
    <system-out><![CDATA[22:31:35.848 [main] INFO org.springframework.test.context.support.AnnotationConfigContextLoaderUtils -- Could not detect default configuration classes for test class [tqs.lab7.lab7_4.CarRestControllerIT_RealTest]: CarRestControllerIT_RealTest does not declare any static, non-private, non-final, nested classes annotated with @Configuration.
22:31:36.043 [main] INFO org.springframework.boot.test.context.SpringBootTestContextBootstrapper -- Found @SpringBootConfiguration tqs.lab7.lab7_4.Lab32Application for test class tqs.lab7.lab7_4.CarRestControllerIT_RealTest
22:31:36.237 [main] INFO org.testcontainers.images.PullPolicy -- Image pull policy will be performed by: DefaultPullPolicy()
22:31:36.241 [main] INFO org.testcontainers.utility.ImageNameSubstitutor -- Image name substitution will be performed by: DefaultImageNameSubstitutor (composite of 'ConfigurationFileImageNameSubstitutor' and 'PrefixingImageNameSubstitutor')
22:31:36.910 [main] INFO org.testcontainers.dockerclient.DockerClientProviderStrategy -- Found Docker environment with Docker accessed via Unix socket (/home/vitorsantos/.docker/desktop/docker.sock)
22:31:36.912 [main] INFO org.testcontainers.DockerClientFactory -- Docker host IP address is localhost
22:31:36.939 [main] INFO org.testcontainers.DockerClientFactory -- Connected to docker: 
  Server Version: 25.0.3
  API Version: 1.44
  Operating System: Docker Desktop
  Total Memory: 3735 MB
22:31:36.979 [main] INFO tc.testcontainers/ryuk:0.6.0 -- Creating container for image: testcontainers/ryuk:0.6.0
22:31:37.013 [main] INFO org.testcontainers.utility.RegistryAuthLocator -- Credential helper/store (docker-credential-desktop) does not have credentials for https://index.docker.io/v1/
22:31:37.199 [main] INFO tc.testcontainers/ryuk:0.6.0 -- Container testcontainers/ryuk:0.6.0 is starting: 9122dea7acdeae0a2b76c385d78cd6e70be3a4ee73e0f1accc946ae77d06e258
22:31:37.602 [main] INFO tc.testcontainers/ryuk:0.6.0 -- Container testcontainers/ryuk:0.6.0 started in PT0.622581557S
22:31:37.611 [main] INFO org.testcontainers.utility.RyukResourceReaper -- Ryuk started - will monitor and terminate Testcontainers containers on JVM exit
22:31:37.612 [main] INFO org.testcontainers.DockerClientFactory -- Checking the system...
22:31:37.612 [main] INFO org.testcontainers.DockerClientFactory -- ✔︎ Docker server version should be at least 1.6.0
22:31:37.623 [main] INFO tc.postgres:latest -- Creating container for image: postgres:latest
22:31:37.684 [main] INFO tc.postgres:latest -- Container postgres:latest is starting: f3d6e5ea757df5dfd6f88628d2a841c78438a3f7e20bde7cdaaf241b2f047ace
22:31:39.068 [main] INFO tc.postgres:latest -- Container postgres:latest started in PT1.445841269S
22:31:39.070 [main] INFO tc.postgres:latest -- Container is started (JDBC URL: jdbc:postgresql://localhost:33595/carDB?loggerLevel=OFF)
22:31:39.124 [main] INFO org.springframework.boot.devtools.restart.RestartApplicationListener -- Restart disabled due to context in which it is running

  .   ____          _            __ _ _
 /\\ / ___'_ __ _ _(_)_ __  __ _ \ \ \ \
( ( )\___ | '_ | '_| | '_ \/ _` | \ \ \ \
 \\/  ___)| |_)| | | | | || (_| |  ) ) ) )
  '  |____| .__|_| |_|_| |_\__, | / / / /
 =========|_|==============|___/=/_/_/_/
 :: Spring Boot ::                (v3.2.3)

2024-04-10T22:31:39.491+01:00  INFO 65635 --- [lab7_3] [           main] t.l.lab7_4.CarRestControllerIT_RealTest  : Starting CarRestControllerIT_RealTest using Java 17.0.8 with PID 65635 (started by vitorsantos in /home/vitorsantos/Documents/GitHub/TQS_107186/lab7/lab7_4)
2024-04-10T22:31:39.494+01:00  INFO 65635 --- [lab7_3] [           main] t.l.lab7_4.CarRestControllerIT_RealTest  : No active profile set, falling back to 1 default profile: "default"
2024-04-10T22:31:40.707+01:00  INFO 65635 --- [lab7_3] [           main] .s.d.r.c.RepositoryConfigurationDelegate : Bootstrapping Spring Data JPA repositories in DEFAULT mode.
2024-04-10T22:31:40.780+01:00  INFO 65635 --- [lab7_3] [           main] .s.d.r.c.RepositoryConfigurationDelegate : Finished Spring Data repository scanning in 62 ms. Found 1 JPA repository interface.
2024-04-10T22:31:41.775+01:00  INFO 65635 --- [lab7_3] [           main] o.s.b.w.embedded.tomcat.TomcatWebServer  : Tomcat initialized with port 0 (http)
2024-04-10T22:31:41.796+01:00  INFO 65635 --- [lab7_3] [           main] o.apache.catalina.core.StandardService   : Starting service [Tomcat]
2024-04-10T22:31:41.797+01:00  INFO 65635 --- [lab7_3] [           main] o.apache.catalina.core.StandardEngine    : Starting Servlet engine: [Apache Tomcat/10.1.19]
2024-04-10T22:31:41.954+01:00  INFO 65635 --- [lab7_3] [           main] o.a.c.c.C.[Tomcat].[localhost].[/]       : Initializing Spring embedded WebApplicationContext
2024-04-10T22:31:41.960+01:00  INFO 65635 --- [lab7_3] [           main] w.s.c.ServletWebServerApplicationContext : Root WebApplicationContext: initialization completed in 2149 ms
2024-04-10T22:31:42.322+01:00  INFO 65635 --- [lab7_3] [           main] com.zaxxer.hikari.HikariDataSource       : HikariPool-1 - Starting...
2024-04-10T22:31:42.764+01:00  INFO 65635 --- [lab7_3] [           main] com.zaxxer.hikari.pool.HikariPool        : HikariPool-1 - Added connection org.postgresql.jdbc.PgConnection@12723c5d
2024-04-10T22:31:42.767+01:00  INFO 65635 --- [lab7_3] [           main] com.zaxxer.hikari.HikariDataSource       : HikariPool-1 - Start completed.
2024-04-10T22:31:42.911+01:00  INFO 65635 --- [lab7_3] [           main] o.f.c.internal.license.VersionPrinter    : Flyway Community Edition 9.22.3 by Redgate
2024-04-10T22:31:42.912+01:00  INFO 65635 --- [lab7_3] [           main] o.f.c.internal.license.VersionPrinter    : See release notes here: https://rd.gt/416ObMi
2024-04-10T22:31:42.912+01:00  INFO 65635 --- [lab7_3] [           main] o.f.c.internal.license.VersionPrinter    : 
2024-04-10T22:31:42.954+01:00  INFO 65635 --- [lab7_3] [           main] org.flywaydb.core.FlywayExecutor         : Database: jdbc:postgresql://localhost:33595/carDB (PostgreSQL 16.2)
2024-04-10T22:31:42.986+01:00  WARN 65635 --- [lab7_3] [           main] o.f.c.internal.database.base.Database    : Flyway upgrade recommended: PostgreSQL 16.2 is newer than this version of Flyway and support has not been tested. The latest supported version of PostgreSQL is 15.
2024-04-10T22:31:43.045+01:00  INFO 65635 --- [lab7_3] [           main] o.f.c.i.s.JdbcTableSchemaHistory         : Schema history table "public"."flyway_schema_history" does not exist yet
2024-04-10T22:31:43.057+01:00  INFO 65635 --- [lab7_3] [           main] o.f.core.internal.command.DbValidate     : Successfully validated 1 migration (execution time 00:00.045s)
2024-04-10T22:31:43.114+01:00  INFO 65635 --- [lab7_3] [           main] o.f.c.i.s.JdbcTableSchemaHistory         : Creating Schema History table "public"."flyway_schema_history" ...
2024-04-10T22:31:43.239+01:00  INFO 65635 --- [lab7_3] [           main] o.f.core.internal.command.DbMigrate      : Current version of schema "public": << Empty Schema >>
2024-04-10T22:31:43.261+01:00  INFO 65635 --- [lab7_3] [           main] o.f.core.internal.command.DbMigrate      : Migrating schema "public" to version "001 - INIT"
2024-04-10T22:31:43.337+01:00  INFO 65635 --- [lab7_3] [           main] o.f.core.internal.command.DbMigrate      : Successfully applied 1 migration to schema "public", now at version v001 (execution time 00:00.029s)
2024-04-10T22:31:43.515+01:00  INFO 65635 --- [lab7_3] [           main] o.hibernate.jpa.internal.util.LogHelper  : HHH000204: Processing PersistenceUnitInfo [name: default]
2024-04-10T22:31:43.597+01:00  INFO 65635 --- [lab7_3] [           main] org.hibernate.Version                    : HHH000412: Hibernate ORM core version 6.4.4.Final
2024-04-10T22:31:43.639+01:00  INFO 65635 --- [lab7_3] [           main] o.h.c.internal.RegionFactoryInitiator    : HHH000026: Second-level cache disabled
2024-04-10T22:31:43.949+01:00  INFO 65635 --- [lab7_3] [           main] o.s.o.j.p.SpringPersistenceUnitInfo      : No LoadTimeWeaver setup: ignoring JPA class transformer
2024-04-10T22:31:44.841+01:00  INFO 65635 --- [lab7_3] [           main] o.h.e.t.j.p.i.JtaPlatformInitiator       : HHH000489: No JTA platform available (set 'hibernate.transaction.jta.platform' to enable JTA platform integration)
2024-04-10T22:31:44.848+01:00  INFO 65635 --- [lab7_3] [           main] j.LocalContainerEntityManagerFactoryBean : Initialized JPA EntityManagerFactory for persistence unit 'default'
2024-04-10T22:31:45.403+01:00  WARN 65635 --- [lab7_3] [           main] JpaBaseConfiguration$JpaWebConfiguration : spring.jpa.open-in-view is enabled by default. Therefore, database queries may be performed during view rendering. Explicitly configure spring.jpa.open-in-view to disable this warning
2024-04-10T22:31:46.311+01:00  INFO 65635 --- [lab7_3] [           main] o.a.c.c.C.[Tomcat].[localhost].[/]       : Initializing Spring TestDispatcherServlet ''
2024-04-10T22:31:46.311+01:00  INFO 65635 --- [lab7_3] [           main] o.s.t.web.servlet.TestDispatcherServlet  : Initializing Servlet ''
2024-04-10T22:31:46.316+01:00  INFO 65635 --- [lab7_3] [           main] o.s.t.web.servlet.TestDispatcherServlet  : Completed initialization in 4 ms
2024-04-10T22:31:46.424+01:00  INFO 65635 --- [lab7_3] [           main] o.s.b.w.embedded.tomcat.TomcatWebServer  : Tomcat started on port 40433 (http) with context path ''
2024-04-10T22:31:46.458+01:00  INFO 65635 --- [lab7_3] [           main] t.l.lab7_4.CarRestControllerIT_RealTest  : Started CarRestControllerIT_RealTest in 7.347 seconds (process running for 11.646)
]]></system-out>
  </testcase>
  <testcase name="createCar" classname="tqs.lab7.lab7_4.CarRestControllerIT_RealTest" time="0.246"/>
</testsuite>