<?xml version="1.0" encoding="UTF-8"?>
<testsuite xmlns:xsi="http://www.w3.org/2001/XMLSchema-instance" xsi:noNamespaceSchemaLocation="https://maven.apache.org/surefire/maven-surefire-plugin/xsd/surefire-test-report.xsd" name="tqs.lab7.JsonPlaceholderAPITest" time="2.453" tests="4" errors="0" skipped="0" failures="0">
  <properties>
    <property name="java.specification.version" value="17"/>
    <property name="sun.jnu.encoding" value="UTF-8"/>
    <property name="java.class.path" value="/home/vitorsantos/Documents/GitHub/TQS_107186/lab7/lab7_1/target/test-classes:/home/vitorsantos/Documents/GitHub/TQS_107186/lab7/lab7_1/target/classes:/home/vitorsantos/.m2/repository/io/rest-assured/rest-assured/3.3.0/rest-assured-3.3.0.jar:/home/vitorsantos/.m2/repository/org/codehaus/groovy/groovy/2.4.15/groovy-2.4.15.jar:/home/vitorsantos/.m2/repository/org/codehaus/groovy/groovy-xml/2.4.15/groovy-xml-2.4.15.jar:/home/vitorsantos/.m2/repository/org/apache/httpcomponents/httpclient/4.5.3/httpclient-4.5.3.jar:/home/vitorsantos/.m2/repository/org/apache/httpcomponents/httpcore/4.4.6/httpcore-4.4.6.jar:/home/vitorsantos/.m2/repository/commons-logging/commons-logging/1.2/commons-logging-1.2.jar:/home/vitorsantos/.m2/repository/commons-codec/commons-codec/1.9/commons-codec-1.9.jar:/home/vitorsantos/.m2/repository/org/apache/httpcomponents/httpmime/4.5.3/httpmime-4.5.3.jar:/home/vitorsantos/.m2/repository/org/hamcrest/hamcrest-core/1.3/hamcrest-core-1.3.jar:/home/vitorsantos/.m2/repository/org/hamcrest/hamcrest-library/1.3/hamcrest-library-1.3.jar:/home/vitorsantos/.m2/repository/org/ccil/cowan/tagsoup/tagsoup/1.2.1/tagsoup-1.2.1.jar:/home/vitorsantos/.m2/repository/io/rest-assured/json-path/3.3.0/json-path-3.3.0.jar:/home/vitorsantos/.m2/repository/org/codehaus/groovy/groovy-json/2.4.15/groovy-json-2.4.15.jar:/home/vitorsantos/.m2/repository/io/rest-assured/rest-assured-common/3.3.0/rest-assured-common-3.3.0.jar:/home/vitorsantos/.m2/repository/io/rest-assured/xml-path/3.3.0/xml-path-3.3.0.jar:/home/vitorsantos/.m2/repository/org/apache/commons/commons-lang3/3.4/commons-lang3-3.4.jar:/home/vitorsantos/.m2/repository/javax/xml/bind/jaxb-api/2.2.12/jaxb-api-2.2.12.jar:/home/vitorsantos/.m2/repository/com/sun/xml/bind/jaxb-osgi/2.2.10/jaxb-osgi-2.2.10.jar:/home/vitorsantos/.m2/repository/org/apache/sling/org.apache.sling.javax.activation/0.1.0/org.apache.sling.javax.activation-0.1.0.jar:/home/vitorsantos/.m2/repository/javax/activation/activation/1.1.1/activation-1.1.1.jar:/home/vitorsantos/.m2/repository/org/hamcrest/hamcrest/2.2/hamcrest-2.2.jar:/home/vitorsantos/.m2/repository/junit/junit/4.11/junit-4.11.jar:"/>
    <property name="java.vm.vendor" value="Oracle Corporation"/>
    <property name="sun.arch.data.model" value="64"/>
    <property name="java.vendor.url" value="https://java.oracle.com/"/>
    <property name="user.country.format" value="PT"/>
    <property name="os.name" value="Linux"/>
    <property name="java.vm.specification.version" value="17"/>
    <property name="sun.java.launcher" value="SUN_STANDARD"/>
    <property name="user.country" value="US"/>
    <property name="sun.boot.library.path" value="/usr/lib/jvm/jdk-17-oracle-x64/lib"/>
    <property name="sun.java.command" value="/home/vitorsantos/Documents/GitHub/TQS_107186/lab7/lab7_1/target/surefire/surefirebooter10895935179522842837.jar /home/vitorsantos/Documents/GitHub/TQS_107186/lab7/lab7_1/target/surefire 2024-04-04T17-13-02_768-jvmRun1 surefire1862748576414141115tmp surefire_015311134791798124869tmp"/>
    <property name="jdk.debug" value="release"/>
    <property name="surefire.test.class.path" value="/home/vitorsantos/Documents/GitHub/TQS_107186/lab7/lab7_1/target/test-classes:/home/vitorsantos/Documents/GitHub/TQS_107186/lab7/lab7_1/target/classes:/home/vitorsantos/.m2/repository/io/rest-assured/rest-assured/3.3.0/rest-assured-3.3.0.jar:/home/vitorsantos/.m2/repository/org/codehaus/groovy/groovy/2.4.15/groovy-2.4.15.jar:/home/vitorsantos/.m2/repository/org/codehaus/groovy/groovy-xml/2.4.15/groovy-xml-2.4.15.jar:/home/vitorsantos/.m2/repository/org/apache/httpcomponents/httpclient/4.5.3/httpclient-4.5.3.jar:/home/vitorsantos/.m2/repository/org/apache/httpcomponents/httpcore/4.4.6/httpcore-4.4.6.jar:/home/vitorsantos/.m2/repository/commons-logging/commons-logging/1.2/commons-logging-1.2.jar:/home/vitorsantos/.m2/repository/commons-codec/commons-codec/1.9/commons-codec-1.9.jar:/home/vitorsantos/.m2/repository/org/apache/httpcomponents/httpmime/4.5.3/httpmime-4.5.3.jar:/home/vitorsantos/.m2/repository/org/hamcrest/hamcrest-core/1.3/hamcrest-core-1.3.jar:/home/vitorsantos/.m2/repository/org/hamcrest/hamcrest-library/1.3/hamcrest-library-1.3.jar:/home/vitorsantos/.m2/repository/org/ccil/cowan/tagsoup/tagsoup/1.2.1/tagsoup-1.2.1.jar:/home/vitorsantos/.m2/repository/io/rest-assured/json-path/3.3.0/json-path-3.3.0.jar:/home/vitorsantos/.m2/repository/org/codehaus/groovy/groovy-json/2.4.15/groovy-json-2.4.15.jar:/home/vitorsantos/.m2/repository/io/rest-assured/rest-assured-common/3.3.0/rest-assured-common-3.3.0.jar:/home/vitorsantos/.m2/repository/io/rest-assured/xml-path/3.3.0/xml-path-3.3.0.jar:/home/vitorsantos/.m2/repository/org/apache/commons/commons-lang3/3.4/commons-lang3-3.4.jar:/home/vitorsantos/.m2/repository/javax/xml/bind/jaxb-api/2.2.12/jaxb-api-2.2.12.jar:/home/vitorsantos/.m2/repository/com/sun/xml/bind/jaxb-osgi/2.2.10/jaxb-osgi-2.2.10.jar:/home/vitorsantos/.m2/repository/org/apache/sling/org.apache.sling.javax.activation/0.1.0/org.apache.sling.javax.activation-0.1.0.jar:/home/vitorsantos/.m2/repository/javax/activation/activation/1.1.1/activation-1.1.1.jar:/home/vitorsantos/.m2/repository/org/hamcrest/hamcrest/2.2/hamcrest-2.2.jar:/home/vitorsantos/.m2/repository/junit/junit/4.11/junit-4.11.jar:"/>
    <property name="sun.cpu.endian" value="little"/>
    <property name="user.home" value="/home/vitorsantos"/>
    <property name="user.language" value="en"/>
    <property name="java.specification.vendor" value="Oracle Corporation"/>
    <property name="java.version.date" value="2023-07-18"/>
    <property name="java.home" value="/usr/lib/jvm/jdk-17-oracle-x64"/>
    <property name="file.separator" value="/"/>
    <property name="basedir" value="/home/vitorsantos/Documents/GitHub/TQS_107186/lab7/lab7_1"/>
    <property name="java.vm.compressedOopsMode" value="Zero based"/>
    <property name="line.separator" value="&#10;"/>
    <property name="java.specification.name" value="Java Platform API Specification"/>
    <property name="java.vm.specification.vendor" value="Oracle Corporation"/>
    <property name="surefire.real.class.path" value="/home/vitorsantos/Documents/GitHub/TQS_107186/lab7/lab7_1/target/surefire/surefirebooter10895935179522842837.jar"/>
    <property name="sun.management.compiler" value="HotSpot 64-Bit Tiered Compilers"/>
    <property name="java.runtime.version" value="17.0.8+9-LTS-211"/>
    <property name="user.name" value="vitorsantos"/>
    <property name="path.separator" value=":"/>
    <property name="os.version" value="6.5.0-26-generic"/>
    <property name="java.runtime.name" value="Java(TM) SE Runtime Environment"/>
    <property name="file.encoding" value="UTF-8"/>
    <property name="java.vm.name" value="Java HotSpot(TM) 64-Bit Server VM"/>
    <property name="localRepository" value="/home/vitorsantos/.m2/repository"/>
    <property name="java.vendor.url.bug" value="https://bugreport.java.com/bugreport/"/>
    <property name="java.io.tmpdir" value="/tmp"/>
    <property name="java.version" value="17.0.8"/>
    <property name="user.dir" value="/home/vitorsantos/Documents/GitHub/TQS_107186/lab7/lab7_1"/>
    <property name="os.arch" value="amd64"/>
    <property name="java.vm.specification.name" value="Java Virtual Machine Specification"/>
    <property name="user.language.format" value="pt"/>
    <property name="native.encoding" value="UTF-8"/>
    <property name="java.library.path" value="/usr/java/packages/lib:/usr/lib64:/lib64:/lib:/usr/lib"/>
    <property name="java.vm.info" value="mixed mode, sharing"/>
    <property name="java.vendor" value="Oracle Corporation"/>
    <property name="java.vm.version" value="17.0.8+9-LTS-211"/>
    <property name="sun.io.unicode.encoding" value="UnicodeLittle"/>
    <property name="java.class.version" value="61.0"/>
  </properties>
  <testcase name="whenGetAllTodos_thenOK" classname="tqs.lab7.JsonPlaceholderAPITest" time="1.589"/>
  <testcase name="whenGetAllTodos_thenId198And199" classname="tqs.lab7.JsonPlaceholderAPITest" time="0.547"/>
  <testcase name="whenGetAllTodos_thenResponseTimeLessThan2Sec" classname="tqs.lab7.JsonPlaceholderAPITest" time="0.117"/>
  <testcase name="whenGetTodoByNum_thenTitle" classname="tqs.lab7.JsonPlaceholderAPITest" time="0.165"/>
</testsuite>