<?xml version="1.0" encoding="UTF-8"?>
<testsuite xmlns:xsi="http://www.w3.org/2001/XMLSchema-instance" xsi:noNamespaceSchemaLocation="https://maven.apache.org/surefire/maven-failsafe-plugin/xsd/failsafe-test-report-3.0.xsd" version="3.0" name="tqs.lab2.AddressResolverIT" time="1.53" tests="1" errors="0" skipped="0" failures="0">
  <properties>
    <property name="java.specification.version" value="17"/>
    <property name="sun.jnu.encoding" value="UTF-8"/>
    <property name="java.class.path" value="/home/vitorsantos/Documents/GitHub/TQS_107186/lab2/lab2_2/lab2ex2/target/test-classes:/home/vitorsantos/Documents/GitHub/TQS_107186/lab2/lab2_2/lab2ex2/target/lab2ex2-1.0-SNAPSHOT.jar:/home/vitorsantos/.m2/repository/org/junit/jupiter/junit-jupiter/5.9.0/junit-jupiter-5.9.0.jar:/home/vitorsantos/.m2/repository/org/junit/jupiter/junit-jupiter-api/5.9.0/junit-jupiter-api-5.9.0.jar:/home/vitorsantos/.m2/repository/org/opentest4j/opentest4j/1.2.0/opentest4j-1.2.0.jar:/home/vitorsantos/.m2/repository/org/junit/platform/junit-platform-commons/1.9.0/junit-platform-commons-1.9.0.jar:/home/vitorsantos/.m2/repository/org/apiguardian/apiguardian-api/1.1.2/apiguardian-api-1.1.2.jar:/home/vitorsantos/.m2/repository/org/junit/jupiter/junit-jupiter-params/5.9.0/junit-jupiter-params-5.9.0.jar:/home/vitorsantos/.m2/repository/org/junit/jupiter/junit-jupiter-engine/5.9.0/junit-jupiter-engine-5.9.0.jar:/home/vitorsantos/.m2/repository/org/junit/platform/junit-platform-engine/1.9.0/junit-platform-engine-1.9.0.jar:/home/vitorsantos/.m2/repository/org/mockito/mockito-junit-jupiter/5.9.0/mockito-junit-jupiter-5.9.0.jar:/home/vitorsantos/.m2/repository/org/mockito/mockito-core/5.9.0/mockito-core-5.9.0.jar:/home/vitorsantos/.m2/repository/net/bytebuddy/byte-buddy/1.14.11/byte-buddy-1.14.11.jar:/home/vitorsantos/.m2/repository/net/bytebuddy/byte-buddy-agent/1.14.11/byte-buddy-agent-1.14.11.jar:/home/vitorsantos/.m2/repository/org/objenesis/objenesis/3.3/objenesis-3.3.jar:/home/vitorsantos/.m2/repository/org/apache/httpcomponents/httpclient/4.5.13/httpclient-4.5.13.jar:/home/vitorsantos/.m2/repository/org/apache/httpcomponents/httpcore/4.4.13/httpcore-4.4.13.jar:/home/vitorsantos/.m2/repository/commons-logging/commons-logging/1.2/commons-logging-1.2.jar:/home/vitorsantos/.m2/repository/commons-codec/commons-codec/1.11/commons-codec-1.11.jar:/home/vitorsantos/.m2/repository/com/googlecode/json-simple/json-simple/1.1.1/json-simple-1.1.1.jar:/home/vitorsantos/.m2/repository/junit/junit/4.10/junit-4.10.jar:/home/vitorsantos/.m2/repository/org/hamcrest/hamcrest-core/1.1/hamcrest-core-1.1.jar:"/>
    <property name="java.vm.vendor" value="Oracle Corporation"/>
    <property name="sun.arch.data.model" value="64"/>
    <property name="java.vendor.url" value="https://java.oracle.com/"/>
    <property name="user.timezone" value="Europe/Lisbon"/>
    <property name="user.country.format" value="PT"/>
    <property name="os.name" value="Linux"/>
    <property name="java.vm.specification.version" value="17"/>
    <property name="sun.java.launcher" value="SUN_STANDARD"/>
    <property name="user.country" value="US"/>
    <property name="sun.boot.library.path" value="/usr/lib/jvm/jdk-17-oracle-x64/lib"/>
    <property name="sun.java.command" value="/home/vitorsantos/Documents/GitHub/TQS_107186/lab2/lab2_2/lab2ex2/target/surefire/surefirebooter-20240223230907930_3.jar /home/vitorsantos/Documents/GitHub/TQS_107186/lab2/lab2_2/lab2ex2/target/surefire 2024-02-23T23-09-07_890-jvmRun1 surefire-20240223230907930_1tmp surefire_0-20240223230907930_2tmp"/>
    <property name="jdk.debug" value="release"/>
    <property name="surefire.test.class.path" value="/home/vitorsantos/Documents/GitHub/TQS_107186/lab2/lab2_2/lab2ex2/target/test-classes:/home/vitorsantos/Documents/GitHub/TQS_107186/lab2/lab2_2/lab2ex2/target/lab2ex2-1.0-SNAPSHOT.jar:/home/vitorsantos/.m2/repository/org/junit/jupiter/junit-jupiter/5.9.0/junit-jupiter-5.9.0.jar:/home/vitorsantos/.m2/repository/org/junit/jupiter/junit-jupiter-api/5.9.0/junit-jupiter-api-5.9.0.jar:/home/vitorsantos/.m2/repository/org/opentest4j/opentest4j/1.2.0/opentest4j-1.2.0.jar:/home/vitorsantos/.m2/repository/org/junit/platform/junit-platform-commons/1.9.0/junit-platform-commons-1.9.0.jar:/home/vitorsantos/.m2/repository/org/apiguardian/apiguardian-api/1.1.2/apiguardian-api-1.1.2.jar:/home/vitorsantos/.m2/repository/org/junit/jupiter/junit-jupiter-params/5.9.0/junit-jupiter-params-5.9.0.jar:/home/vitorsantos/.m2/repository/org/junit/jupiter/junit-jupiter-engine/5.9.0/junit-jupiter-engine-5.9.0.jar:/home/vitorsantos/.m2/repository/org/junit/platform/junit-platform-engine/1.9.0/junit-platform-engine-1.9.0.jar:/home/vitorsantos/.m2/repository/org/mockito/mockito-junit-jupiter/5.9.0/mockito-junit-jupiter-5.9.0.jar:/home/vitorsantos/.m2/repository/org/mockito/mockito-core/5.9.0/mockito-core-5.9.0.jar:/home/vitorsantos/.m2/repository/net/bytebuddy/byte-buddy/1.14.11/byte-buddy-1.14.11.jar:/home/vitorsantos/.m2/repository/net/bytebuddy/byte-buddy-agent/1.14.11/byte-buddy-agent-1.14.11.jar:/home/vitorsantos/.m2/repository/org/objenesis/objenesis/3.3/objenesis-3.3.jar:/home/vitorsantos/.m2/repository/org/apache/httpcomponents/httpclient/4.5.13/httpclient-4.5.13.jar:/home/vitorsantos/.m2/repository/org/apache/httpcomponents/httpcore/4.4.13/httpcore-4.4.13.jar:/home/vitorsantos/.m2/repository/commons-logging/commons-logging/1.2/commons-logging-1.2.jar:/home/vitorsantos/.m2/repository/commons-codec/commons-codec/1.11/commons-codec-1.11.jar:/home/vitorsantos/.m2/repository/com/googlecode/json-simple/json-simple/1.1.1/json-simple-1.1.1.jar:/home/vitorsantos/.m2/repository/junit/junit/4.10/junit-4.10.jar:/home/vitorsantos/.m2/repository/org/hamcrest/hamcrest-core/1.1/hamcrest-core-1.1.jar:"/>
    <property name="sun.cpu.endian" value="little"/>
    <property name="user.home" value="/home/vitorsantos"/>
    <property name="user.language" value="en"/>
    <property name="java.specification.vendor" value="Oracle Corporation"/>
    <property name="java.version.date" value="2023-07-18"/>
    <property name="java.home" value="/usr/lib/jvm/jdk-17-oracle-x64"/>
    <property name="file.separator" value="/"/>
    <property name="basedir" value="/home/vitorsantos/Documents/GitHub/TQS_107186/lab2/lab2_2/lab2ex2"/>
    <property name="java.vm.compressedOopsMode" value="Zero based"/>
    <property name="line.separator" value="&#10;"/>
    <property name="java.specification.name" value="Java Platform API Specification"/>
    <property name="java.vm.specification.vendor" value="Oracle Corporation"/>
    <property name="surefire.real.class.path" value="/home/vitorsantos/Documents/GitHub/TQS_107186/lab2/lab2_2/lab2ex2/target/surefire/surefirebooter-20240223230907930_3.jar"/>
    <property name="sun.management.compiler" value="HotSpot 64-Bit Tiered Compilers"/>
    <property name="java.runtime.version" value="17.0.8+9-LTS-211"/>
    <property name="user.name" value="vitorsantos"/>
    <property name="path.separator" value=":"/>
    <property name="os.version" value="6.5.0-17-generic"/>
    <property name="java.runtime.name" value="Java(TM) SE Runtime Environment"/>
    <property name="file.encoding" value="UTF-8"/>
    <property name="java.vm.name" value="Java HotSpot(TM) 64-Bit Server VM"/>
    <property name="localRepository" value="/home/vitorsantos/.m2/repository"/>
    <property name="java.vendor.url.bug" value="https://bugreport.java.com/bugreport/"/>
    <property name="java.io.tmpdir" value="/tmp"/>
    <property name="java.version" value="17.0.8"/>
    <property name="user.dir" value="/home/vitorsantos/Documents/GitHub/TQS_107186/lab2/lab2_2/lab2ex2"/>
    <property name="os.arch" value="amd64"/>
    <property name="java.vm.specification.name" value="Java Virtual Machine Specification"/>
    <property name="user.language.format" value="pt"/>
    <property name="native.encoding" value="UTF-8"/>
    <property name="java.library.path" value="/usr/java/packages/lib:/usr/lib64:/lib64:/lib:/usr/lib"/>
    <property name="java.vm.info" value="mixed mode, sharing"/>
    <property name="java.vendor" value="Oracle Corporation"/>
    <property name="java.vm.version" value="17.0.8+9-LTS-211"/>
    <property name="sun.io.unicode.encoding" value="UnicodeLittle"/>
    <property name="java.class.version" value="61.0"/>
  </properties>
  <testcase name="findAddr" classname="tqs.lab2.AddressResolverIT" time="1.519">
    <system-err><![CDATA[fev. 23, 2024 11:09:09 DA TARDE tqs.lab2.AddressResolverService findAddressForLocation
INFO: {"info":{"statuscode":0,"copyright":{"text":"© 2024 MapQuest, Inc.","imageUrl":"http://api.mqcdn.com/res/mqlogo.gif","imageAltText":"© 2024 MapQuest, Inc."},"messages":[]},"options":{"maxResults":1,"ignoreLatLngInput":false},"results":[{"providedLocation":{"latLng":{"lat":30.33347,"lng":-81.47045}},"locations":[{"street":"802 Arkenstone Dr","adminArea6":"East Arlington","adminArea6Type":"Neighborhood","adminArea5":"Jacksonville","adminArea5Type":"City","adminArea4":"Duval","adminArea4Type":"County","adminArea3":"FL","adminArea3Type":"State","adminArea1":"US","adminArea1Type":"Country","postalCode":"32225","geocodeQualityCode":"L1AAA","geocodeQuality":"ADDRESS","dragPoint":false,"sideOfStreet":"L","linkId":"0","unknownInput":"","type":"s","latLng":{"lat":30.33353,"lng":-81.47004},"displayLatLng":{"lat":30.33356,"lng":-81.47019},"mapUrl":""}]}]}
fev. 23, 2024 11:09:09 DA TARDE tqs.lab2.AddressResolverService findAddressForLocation
INFO: {"info":{"statuscode":400,"copyright":{"text":"© 2024 MapQuest, Inc.","imageUrl":"http://api.mqcdn.com/res/mqlogo.gif","imageAltText":"© 2024 MapQuest, Inc."},"messages":["Illegal argument from request: Invalid LatLng specified."]},"options":{"maxResults":1,"ignoreLatLngInput":false},"results":[{"providedLocation":{},"locations":[]}]}
]]></system-err>
  </testcase>
</testsuite>